<?xml version="1.0" encoding="UTF-8"?>
<!-- Generated by org.testng.reporters.JUnitXMLReporter -->
<testsuite hostname="LAPTOP-4ALPQ2N4" name="Test" tests="4" failures="1" timestamp="19 Mar 2021 17:11:41 GMT" time="7.886" errors="0">
  <testcase name="ValidateCreateCustomerAPIWithInValidSecreateKey" time="0.146" classname="com.ds.APITestingFramework.testcases.CreateCustomerTest">
    <failure type="java.lang.IllegalArgumentException" message="userName cannot be null">
      <![CDATA[java.lang.IllegalArgumentException: userName cannot be null
	at org.codehaus.groovy.runtime.callsite.ConstructorSite$ConstructorSiteNoUnwrap.callConstructor(ConstructorSite.java:84)
	at org.codehaus.groovy.runtime.callsite.CallSiteArray.defaultCallConstructor(CallSiteArray.java:59)
	at org.codehaus.groovy.runtime.callsite.AbstractCallSite.callConstructor(AbstractCallSite.java:237)
	at org.codehaus.groovy.runtime.callsite.AbstractCallSite.callConstructor(AbstractCallSite.java:249)
	at io.restassured.internal.common.assertion.AssertParameter.notNull(AssertParameter.groovy:26)
	at io.restassured.internal.common.assertion.AssertParameter$notNull.callStatic(Unknown Source)
	at org.codehaus.groovy.runtime.callsite.CallSiteArray.defaultCallStatic(CallSiteArray.java:55)
	at org.codehaus.groovy.runtime.callsite.AbstractCallSite.callStatic(AbstractCallSite.java:196)
	at org.codehaus.groovy.runtime.callsite.AbstractCallSite.callStatic(AbstractCallSite.java:216)
	at io.restassured.internal.AuthenticationSpecificationImpl.basic(AuthenticationSpecificationImpl.groovy:46)
	at com.ds.APITestingFramework.API.CreateCustomer.sendPostRequestToCreateCustomerAPIWithInValidAuthKey(CreateCustomer.java:30)
	at com.ds.APITestingFramework.testcases.CreateCustomerTest.ValidateCreateCustomerAPIWithInValidSecreateKey(CreateCustomerTest.java:37)
... Removed 30 stack frames]]>
    </failure>
  </testcase> <!-- ValidateCreateCustomerAPIWithInValidSecreateKey -->
  <testcase name="ValidateCreateCustomerAPIWithValidSecreateKey" time="4.112" classname="com.ds.APITestingFramework.testcases.CreateCustomerTest"/>
  <testcase name="ValidateCreateCustomerAPIWithValidSecreateKey" time="1.343" classname="com.ds.APITestingFramework.testcases.CreateCustomerTest"/>
  <testcase name="ValidateCreateCustomerAPIWithValidSecreateKey" time="2.219" classname="com.ds.APITestingFramework.testcases.CreateCustomerTest"/>
</testsuite> <!-- Test -->
